#
# There is insufficient memory for the Java Runtime Environment to continue.
# Native memory allocation (malloc) failed to allocate 32744 bytes for ChunkPool::allocate
# Possible reasons:
#   The system is out of physical RAM or swap space
#   The process is running with CompressedOops enabled, and the Java Heap may be blocking the growth of the native heap
# Possible solutions:
#   Reduce memory load on the system
#   Increase physical memory or swap space
#   Check if swap backing store is full
#   Decrease Java heap size (-Xmx/-Xms)
#   Decrease number of Java threads
#   Decrease Java thread stack sizes (-Xss)
#   Set larger code cache with -XX:ReservedCodeCacheSize=
#   JVM is running with Unscaled Compressed Oops mode in which the Java heap is
#     placed in the first 4GB address space. The Java Heap base address is the
#     maximum limit for the native heap growth. Please use -XX:HeapBaseMinAddress
#     to set the Java Heap base and to place the Java Heap above 4GB virtual address.
# This output file may be truncated or incomplete.
#
#  Out of Memory Error (./src/hotspot/share/memory/arena.cpp:81), pid=13240, tid=12656
#
# JRE version: OpenJDK Runtime Environment (11.0.8+10) (build 11.0.8+10-b944.6842174)
# Java VM: OpenJDK 64-Bit Server VM (11.0.8+10-b944.6842174, mixed mode, tiered, compressed oops, g1 gc, windows-amd64)
# No core dump will be written. Minidumps are not enabled by default on client versions of Windows
#

---------------  S U M M A R Y ------------

Command Line: --add-opens=java.base/java.util=ALL-UNNAMED --add-opens=java.base/java.lang=ALL-UNNAMED --add-opens=java.base/java.lang.invoke=ALL-UNNAMED --add-opens=java.prefs/java.util.prefs=ALL-UNNAMED -Xmx2048m -Dfile.encoding=UTF-8 -Duser.country=IN -Duser.language=en -Duser.variant org.gradle.launcher.daemon.bootstrap.GradleDaemon 6.7.1

Host: Intel(R) Celeron(R) J4005 CPU @ 2.00GHz, 2 cores, 3G,  Windows 10 , 64 bit Build 18362 (10.0.18362.1500)
Time: Wed Jul 14 18:41:52 2021 India Standard Time elapsed time: 55 seconds (0d 0h 0m 55s)

---------------  T H R E A D  ---------------

Current thread (0x000001bd58cd4800):  JavaThread "C1 CompilerThread0" daemon [_thread_in_native, id=12656, stack(0x0000004ae9d00000,0x0000004ae9e00000)]


Current CompileTask:
C1:  55483 6170       3       kotlin.reflect.jvm.internal.impl.name.FqNameUnsafe::isRoot (8 bytes)

Stack: [0x0000004ae9d00000,0x0000004ae9e00000]
Native frames: (J=compiled Java code, j=interpreted, Vv=VM code, C=native code)
V  [jvm.dll+0x5de50a]
V  [jvm.dll+0x7122f5]
V  [jvm.dll+0x71384d]
V  [jvm.dll+0x713f03]
V  [jvm.dll+0x23e728]
V  [jvm.dll+0xb8beb]
V  [jvm.dll+0xb8e9c]
V  [jvm.dll+0x369be4]
V  [jvm.dll+0x158477]
V  [jvm.dll+0x1563f3]
V  [jvm.dll+0x14da80]
V  [jvm.dll+0x14a77e]
V  [jvm.dll+0x136d20]
V  [jvm.dll+0x11f260]
V  [jvm.dll+0x11edf9]
V  [jvm.dll+0x11ef63]
V  [jvm.dll+0x11e277]
V  [jvm.dll+0x11fe47]
V  [jvm.dll+0x205047]
V  [jvm.dll+0x203891]
V  [jvm.dll+0x6dad3f]
V  [jvm.dll+0x6d3895]
V  [jvm.dll+0x5dd4a6]
C  [ucrtbase.dll+0x210b2]
C  [KERNEL32.DLL+0x17c24]
C  [ntdll.dll+0x6d721]


---------------  P R O C E S S  ---------------

Threads class SMR info:
_java_thread_list=0x000001bd5d4077c0, length=130, elements={
0x000001bd3edfc800, 0x000001bd5830e800, 0x000001bd5831a800, 0x000001bd58368800,
0x000001bd5836a000, 0x000001bd5836d000, 0x000001bd58cd4800, 0x000001bd58cda000,
0x000001bd58de2000, 0x000001bd58e17800, 0x000001bd5a4bd000, 0x000001bd59fb5800,
0x000001bd59ae6000, 0x000001bd5a60f800, 0x000001bd5a610000, 0x000001bd590e1800,
0x000001bd5a27e800, 0x000001bd58d26800, 0x000001bd5a072800, 0x000001bd58d23800,
0x000001bd597b4000, 0x000001bd597b7800, 0x000001bd597b8000, 0x000001bd597b6800,
0x000001bd597b2800, 0x000001bd597b9000, 0x000001bd597b3800, 0x000001bd597b5000,
0x000001bd597b6000, 0x000001bd5b587800, 0x000001bd5b588800, 0x000001bd5b58a000,
0x000001bd5b586000, 0x000001bd5b587000, 0x000001bd5b589800, 0x000001bd5b584800,
0x000001bd5b58b000, 0x000001bd5b585800, 0x000001bd5b58c000, 0x000001bd5b591800,
0x000001bd5b58c800, 0x000001bd5b590800, 0x000001bd5b593000, 0x000001bd5b58d800,
0x000001bd5b592800, 0x000001bd5b58e800, 0x000001bd5b58f000, 0x000001bd5b590000,
0x000001bd5a96a800, 0x000001bd5a96e000, 0x000001bd5a96a000, 0x000001bd5a96c800,
0x000001bd5a96d000, 0x000001bd5a96f000, 0x000001bd5a96b800, 0x000001bd5a970800,
0x000001bd5a976000, 0x000001bd5a974800, 0x000001bd5a972000, 0x000001bd5a977000,
0x000001bd5a973000, 0x000001bd5a971800, 0x000001bd5a975800, 0x000001bd5a978800,
0x000001bd5a978000, 0x000001bd5a973800, 0x000001bd5b6e6800, 0x000001bd5b6e1800,
0x000001bd5b6e1000, 0x000001bd5b6e3000, 0x000001bd5b6e7800, 0x000001bd5b6e8000,
0x000001bd5b6e2800, 0x000001bd5b6ea000, 0x000001bd5b6e4000, 0x000001bd5b6ea800,
0x000001bd5b6e5000, 0x000001bd5b6e5800, 0x000001bd5b6e9000, 0x000001bd5b6eb800,
0x000001bd5b6ee000, 0x000001bd5b6ec000, 0x000001bd5b6ed000, 0x000001bd5b6ef800,
0x000001bd5b6ee800, 0x000001bd5b8ad800, 0x000001bd5b8a9800, 0x000001bd5b8aa000,
0x000001bd5b8ae000, 0x000001bd5b8ab800, 0x000001bd5b8ab000, 0x000001bd5b8af000,
0x000001bd5b8b0000, 0x000001bd5b8b0800, 0x000001bd5b8b2800, 0x000001bd5b8b1800,
0x000001bd5b8ac800, 0x000001bd5b8b4800, 0x000001bd5b8b3000, 0x000001bd5b8b4000,
0x000001bd5b8b5800, 0x000001bd5b8b6800, 0x000001bd5b8b7000, 0x000001bd5b8b8000,
0x000001bd5b928000, 0x000001bd5b925000, 0x000001bd5b929000, 0x000001bd5b923800,
0x000001bd5b926800, 0x000001bd5b92a000, 0x000001bd5b926000, 0x000001bd5b924000,
0x000001bd5b92a800, 0x000001bd5b92c800, 0x000001bd5b927800, 0x000001bd5b930800,
0x000001bd5b931000, 0x000001bd5b92d000, 0x000001bd5b92e800, 0x000001bd5b92b800,
0x000001bd5b92e000, 0x000001bd5b932000, 0x000001bd5b92f800, 0x000001bd5c48d000,
0x000001bd5c48f800, 0x000001bd5c48b800, 0x000001bd5c491000, 0x000001bd5c48e000,
0x000001bd5c490800, 0x000001bd5c48f000
}

Java Threads: ( => current thread )
  0x000001bd3edfc800 JavaThread "main" [_thread_blocked, id=1112, stack(0x0000004ae9100000,0x0000004ae9200000)]
  0x000001bd5830e800 JavaThread "Reference Handler" daemon [_thread_blocked, id=11440, stack(0x0000004ae9800000,0x0000004ae9900000)]
  0x000001bd5831a800 JavaThread "Finalizer" daemon [_thread_blocked, id=12808, stack(0x0000004ae9900000,0x0000004ae9a00000)]
  0x000001bd58368800 JavaThread "Signal Dispatcher" daemon [_thread_blocked, id=9352, stack(0x0000004ae9a00000,0x0000004ae9b00000)]
  0x000001bd5836a000 JavaThread "Attach Listener" daemon [_thread_blocked, id=11324, stack(0x0000004ae9b00000,0x0000004ae9c00000)]
  0x000001bd5836d000 JavaThread "C2 CompilerThread0" daemon [_thread_in_native, id=12156, stack(0x0000004ae9c00000,0x0000004ae9d00000)]
=>0x000001bd58cd4800 JavaThread "C1 CompilerThread0" daemon [_thread_in_native, id=12656, stack(0x0000004ae9d00000,0x0000004ae9e00000)]
  0x000001bd58cda000 JavaThread "Sweeper thread" daemon [_thread_blocked, id=6808, stack(0x0000004ae9e00000,0x0000004ae9f00000)]
  0x000001bd58de2000 JavaThread "Common-Cleaner" daemon [_thread_blocked, id=4744, stack(0x0000004ae9f00000,0x0000004aea000000)]
  0x000001bd58e17800 JavaThread "Service Thread" daemon [_thread_blocked, id=12832, stack(0x0000004aea000000,0x0000004aea100000)]
  0x000001bd5a4bd000 JavaThread "Daemon health stats" [_thread_blocked, id=8360, stack(0x0000004aea300000,0x0000004aea400000)]
  0x000001bd59fb5800 JavaThread "Incoming local TCP Connector on port 63580" [_thread_in_native, id=6052, stack(0x0000004aea600000,0x0000004aea700000)]
  0x000001bd59ae6000 JavaThread "Daemon periodic checks" [_thread_blocked, id=12828, stack(0x0000004aea700000,0x0000004aea800000)]
  0x000001bd5a60f800 JavaThread "Daemon" [_thread_blocked, id=1132, stack(0x0000004aea800000,0x0000004aea900000)]
  0x000001bd5a610000 JavaThread "Handler for socket connection from /127.0.0.1:63580 to /127.0.0.1:63581" [_thread_in_native, id=11816, stack(0x0000004aea900000,0x0000004aeaa00000)]
  0x000001bd590e1800 JavaThread "Cancel handler" [_thread_blocked, id=12676, stack(0x0000004aeaa00000,0x0000004aeab00000)]
  0x000001bd5a27e800 JavaThread "Daemon worker" [_thread_in_vm, id=11232, stack(0x0000004aeab00000,0x0000004aeac00000)]
  0x000001bd58d26800 JavaThread "Asynchronous log dispatcher for DefaultDaemonConnection: socket connection from /127.0.0.1:63580 to /127.0.0.1:63581" [_thread_blocked, id=5220, stack(0x0000004aeac00000,0x0000004aead00000)]
  0x000001bd5a072800 JavaThread "Stdin handler" [_thread_blocked, id=10444, stack(0x0000004aead00000,0x0000004aeae00000)]
  0x000001bd58d23800 JavaThread "Thread-8" [_thread_blocked, id=5432, stack(0x0000004aeae00000,0x0000004aeaf00000)]
  0x000001bd597b4000 JavaThread "Cache worker for file hash cache (C:\Users\Avinash Jha\.gradle\caches\6.7.1\fileHashes)" [_thread_blocked, id=11296, stack(0x0000004aeaf00000,0x0000004aeb000000)]
  0x000001bd597b7800 JavaThread "File lock request listener" [_thread_in_native, id=232, stack(0x0000004aeb000000,0x0000004aeb100000)]
  0x000001bd597b8000 JavaThread "Cache worker for journal cache (C:\Users\Avinash Jha\.gradle\caches\journal-1)" [_thread_blocked, id=9208, stack(0x0000004aeb100000,0x0000004aeb200000)]
  0x000001bd597b6800 JavaThread "Cache worker for file hash cache (C:\Users\Avinash Jha\Desktop\SmartPlanner2\.gradle\6.7.1\fileHashes)" [_thread_blocked, id=10860, stack(0x0000004aeb200000,0x0000004aeb300000)]
  0x000001bd597b2800 JavaThread "jar transforms" [_thread_blocked, id=11840, stack(0x0000004aeb300000,0x0000004aeb400000)]
  0x000001bd597b9000 JavaThread "jar transforms Thread 2" [_thread_blocked, id=7412, stack(0x0000004aeb400000,0x0000004aeb500000)]
  0x000001bd597b3800 JavaThread "jar transforms Thread 3" [_thread_blocked, id=13068, stack(0x0000004aeb500000,0x0000004aeb600000)]
  0x000001bd597b5000 JavaThread "jar transforms Thread 4" [_thread_blocked, id=11920, stack(0x0000004aeb600000,0x0000004aeb700000)]
  0x000001bd597b6000 JavaThread "jar transforms Thread 5" [_thread_blocked, id=2044, stack(0x0000004aeb700000,0x0000004aeb800000)]
  0x000001bd5b587800 JavaThread "jar transforms Thread 6" [_thread_blocked, id=10720, stack(0x0000004aeb800000,0x0000004aeb900000)]
  0x000001bd5b588800 JavaThread "jar transforms Thread 7" [_thread_blocked, id=9588, stack(0x0000004aeb900000,0x0000004aeba00000)]
  0x000001bd5b58a000 JavaThread "jar transforms Thread 8" [_thread_blocked, id=6496, stack(0x0000004aeba00000,0x0000004aebb00000)]
  0x000001bd5b586000 JavaThread "jar transforms Thread 9" [_thread_blocked, id=12080, stack(0x0000004aebb00000,0x0000004aebc00000)]
  0x000001bd5b587000 JavaThread "jar transforms Thread 10" [_thread_blocked, id=6572, stack(0x0000004aebc00000,0x0000004aebd00000)]
  0x000001bd5b589800 JavaThread "jar transforms Thread 11" [_thread_blocked, id=12028, stack(0x0000004aebd00000,0x0000004aebe00000)]
  0x000001bd5b584800 JavaThread "jar transforms Thread 12" [_thread_blocked, id=4408, stack(0x0000004aebe00000,0x0000004aebf00000)]
  0x000001bd5b58b000 JavaThread "jar transforms Thread 13" [_thread_blocked, id=2152, stack(0x0000004aebf00000,0x0000004aec000000)]
  0x000001bd5b585800 JavaThread "jar transforms Thread 14" [_thread_blocked, id=7264, stack(0x0000004aec000000,0x0000004aec100000)]
  0x000001bd5b58c000 JavaThread "jar transforms Thread 15" [_thread_blocked, id=11052, stack(0x0000004aec100000,0x0000004aec200000)]
  0x000001bd5b591800 JavaThread "jar transforms Thread 16" [_thread_blocked, id=8888, stack(0x0000004aec200000,0x0000004aec300000)]
  0x000001bd5b58c800 JavaThread "jar transforms Thread 17" [_thread_blocked, id=6996, stack(0x0000004aec300000,0x0000004aec400000)]
  0x000001bd5b590800 JavaThread "jar transforms Thread 18" [_thread_blocked, id=11064, stack(0x0000004aec400000,0x0000004aec500000)]
  0x000001bd5b593000 JavaThread "jar transforms Thread 19" [_thread_blocked, id=8340, stack(0x0000004aec500000,0x0000004aec600000)]
  0x000001bd5b58d800 JavaThread "jar transforms Thread 20" [_thread_blocked, id=856, stack(0x0000004aec600000,0x0000004aec700000)]
  0x000001bd5b592800 JavaThread "jar transforms Thread 21" [_thread_blocked, id=11212, stack(0x0000004aec700000,0x0000004aec800000)]
  0x000001bd5b58e800 JavaThread "Cache worker for checksums cache (C:\Users\Avinash Jha\Desktop\SmartPlanner2\.gradle\checksums)" [_thread_blocked, id=11032, stack(0x0000004aec800000,0x0000004aec900000)]
  0x000001bd5b58f000 JavaThread "Cache worker for cache directory md-supplier (C:\Users\Avinash Jha\.gradle\caches\6.7.1\md-supplier)" [_thread_blocked, id=13160, stack(0x0000004aec900000,0x0000004aeca00000)]
  0x000001bd5b590000 JavaThread "Cache worker for cache directory md-rule (C:\Users\Avinash Jha\.gradle\caches\6.7.1\md-rule)" [_thread_blocked, id=3488, stack(0x0000004aeca00000,0x0000004aecb00000)]
  0x000001bd5a96a800 JavaThread "Cache worker for execution history cache (C:\Users\Avinash Jha\.gradle\caches\6.7.1\executionHistory)" [_thread_blocked, id=11060, stack(0x0000004aecb00000,0x0000004aecc00000)]
  0x000001bd5a96e000 JavaThread "Cache worker for file content cache (C:\Users\Avinash Jha\.gradle\caches\6.7.1\fileContent)" [_thread_blocked, id=8788, stack(0x0000004aecc00000,0x0000004aecd00000)]
  0x000001bd5a96a000 JavaThread "Cache worker for Build Output Cleanup Cache (C:\Users\Avinash Jha\Desktop\SmartPlanner2\.gradle\buildOutputCleanup)" [_thread_blocked, id=12276, stack(0x0000004aecd00000,0x0000004aece00000)]
  0x000001bd5a96c800 JavaThread "Build operations" [_thread_blocked, id=10256, stack(0x0000004aece00000,0x0000004aecf00000)]
  0x000001bd5a96d000 JavaThread "Build operations Thread 2" [_thread_blocked, id=2776, stack(0x0000004aecf00000,0x0000004aed000000)]
  0x000001bd5a96f000 JavaThread "jar transforms Thread 22" [_thread_blocked, id=12420, stack(0x0000004aed000000,0x0000004aed100000)]
  0x000001bd5a96b800 JavaThread "jar transforms Thread 23" [_thread_blocked, id=12896, stack(0x0000004aed100000,0x0000004aed200000)]
  0x000001bd5a970800 JavaThread "jar transforms Thread 24" [_thread_blocked, id=5292, stack(0x0000004aed200000,0x0000004aed300000)]
  0x000001bd5a976000 JavaThread "jar transforms Thread 25" [_thread_blocked, id=8516, stack(0x0000004aed300000,0x0000004aed400000)]
  0x000001bd5a974800 JavaThread "jar transforms Thread 26" [_thread_blocked, id=9148, stack(0x0000004aed400000,0x0000004aed500000)]
  0x000001bd5a972000 JavaThread "jar transforms Thread 27" [_thread_blocked, id=12200, stack(0x0000004aed500000,0x0000004aed600000)]
  0x000001bd5a977000 JavaThread "jar transforms Thread 28" [_thread_blocked, id=12840, stack(0x0000004aed600000,0x0000004aed700000)]
  0x000001bd5a973000 JavaThread "jar transforms Thread 29" [_thread_blocked, id=9696, stack(0x0000004aed700000,0x0000004aed800000)]
  0x000001bd5a971800 JavaThread "jar transforms Thread 30" [_thread_blocked, id=11424, stack(0x0000004aed800000,0x0000004aed900000)]
  0x000001bd5a975800 JavaThread "jar transforms Thread 31" [_thread_blocked, id=9712, stack(0x0000004aed900000,0x0000004aeda00000)]
  0x000001bd5a978800 JavaThread "jar transforms Thread 32" [_thread_blocked, id=11384, stack(0x0000004aeda00000,0x0000004aedb00000)]
  0x000001bd5a978000 JavaThread "jar transforms Thread 33" [_thread_blocked, id=2760, stack(0x0000004aedb00000,0x0000004aedc00000)]
  0x000001bd5a973800 JavaThread "jar transforms Thread 34" [_thread_blocked, id=2964, stack(0x0000004aedc00000,0x0000004aedd00000)]
  0x000001bd5b6e6800 JavaThread "jar transforms Thread 35" [_thread_blocked, id=3876, stack(0x0000004aedd00000,0x0000004aede00000)]
  0x000001bd5b6e1800 JavaThread "jar transforms Thread 36" [_thread_blocked, id=4676, stack(0x0000004aede00000,0x0000004aedf00000)]
  0x000001bd5b6e1000 JavaThread "jar transforms Thread 37" [_thread_blocked, id=1808, stack(0x0000004aedf00000,0x0000004aee000000)]
  0x000001bd5b6e3000 JavaThread "jar transforms Thread 38" [_thread_blocked, id=9544, stack(0x0000004aee000000,0x0000004aee100000)]
  0x000001bd5b6e7800 JavaThread "jar transforms Thread 39" [_thread_blocked, id=9728, stack(0x0000004aee100000,0x0000004aee200000)]
  0x000001bd5b6e8000 JavaThread "jar transforms Thread 40" [_thread_blocked, id=1392, stack(0x0000004aee200000,0x0000004aee300000)]
  0x000001bd5b6e2800 JavaThread "jar transforms Thread 41" [_thread_blocked, id=3236, stack(0x0000004aee300000,0x0000004aee400000)]
  0x000001bd5b6ea000 JavaThread "jar transforms Thread 42" [_thread_blocked, id=2388, stack(0x0000004aee400000,0x0000004aee500000)]
  0x000001bd5b6e4000 JavaThread "jar transforms Thread 43" [_thread_blocked, id=10360, stack(0x0000004aee500000,0x0000004aee600000)]
  0x000001bd5b6ea800 JavaThread "jar transforms Thread 44" [_thread_blocked, id=9804, stack(0x0000004aee600000,0x0000004aee700000)]
  0x000001bd5b6e5000 JavaThread "jar transforms Thread 45" [_thread_blocked, id=6640, stack(0x0000004aee700000,0x0000004aee800000)]
  0x000001bd5b6e5800 JavaThread "jar transforms Thread 46" [_thread_blocked, id=11132, stack(0x0000004aee800000,0x0000004aee900000)]
  0x000001bd5b6e9000 JavaThread "jar transforms Thread 47" [_thread_blocked, id=6932, stack(0x0000004aee900000,0x0000004aeea00000)]
  0x000001bd5b6eb800 JavaThread "jar transforms Thread 48" [_thread_blocked, id=2692, stack(0x0000004aeea00000,0x0000004aeeb00000)]
  0x000001bd5b6ee000 JavaThread "jar transforms Thread 49" [_thread_blocked, id=10660, stack(0x0000004aeeb00000,0x0000004aeec00000)]
  0x000001bd5b6ec000 JavaThread "jar transforms Thread 50" [_thread_blocked, id=13216, stack(0x0000004aeec00000,0x0000004aeed00000)]
  0x000001bd5b6ed000 JavaThread "jar transforms Thread 51" [_thread_blocked, id=5936, stack(0x0000004aeed00000,0x0000004aeee00000)]
  0x000001bd5b6ef800 JavaThread "jar transforms Thread 52" [_thread_blocked, id=6548, stack(0x0000004aeee00000,0x0000004aeef00000)]
  0x000001bd5b6ee800 JavaThread "jar transforms Thread 53" [_thread_blocked, id=756, stack(0x0000004aeef00000,0x0000004aef000000)]
  0x000001bd5b8ad800 JavaThread "jar transforms Thread 54" [_thread_blocked, id=7576, stack(0x0000004aef000000,0x0000004aef100000)]
  0x000001bd5b8a9800 JavaThread "jar transforms Thread 55" [_thread_blocked, id=2072, stack(0x0000004aef100000,0x0000004aef200000)]
  0x000001bd5b8aa000 JavaThread "jar transforms Thread 56" [_thread_blocked, id=13112, stack(0x0000004aef200000,0x0000004aef300000)]
  0x000001bd5b8ae000 JavaThread "jar transforms Thread 57" [_thread_blocked, id=2600, stack(0x0000004aef300000,0x0000004aef400000)]
  0x000001bd5b8ab800 JavaThread "jar transforms Thread 58" [_thread_blocked, id=4736, stack(0x0000004aef400000,0x0000004aef500000)]
  0x000001bd5b8ab000 JavaThread "jar transforms Thread 59" [_thread_blocked, id=11248, stack(0x0000004aef500000,0x0000004aef600000)]
  0x000001bd5b8af000 JavaThread "jar transforms Thread 60" [_thread_blocked, id=12824, stack(0x0000004aef600000,0x0000004aef700000)]
  0x000001bd5b8b0000 JavaThread "jar transforms Thread 61" [_thread_blocked, id=12580, stack(0x0000004aef700000,0x0000004aef800000)]
  0x000001bd5b8b0800 JavaThread "jar transforms Thread 62" [_thread_blocked, id=1108, stack(0x0000004aef800000,0x0000004aef900000)]
  0x000001bd5b8b2800 JavaThread "jar transforms Thread 63" [_thread_blocked, id=4108, stack(0x0000004aef900000,0x0000004aefa00000)]
  0x000001bd5b8b1800 JavaThread "jar transforms Thread 64" [_thread_blocked, id=3276, stack(0x0000004aefa00000,0x0000004aefb00000)]
  0x000001bd5b8ac800 JavaThread "jar transforms Thread 65" [_thread_blocked, id=7436, stack(0x0000004aefb00000,0x0000004aefc00000)]
  0x000001bd5b8b4800 JavaThread "jar transforms Thread 66" [_thread_blocked, id=7072, stack(0x0000004aefc00000,0x0000004aefd00000)]
  0x000001bd5b8b3000 JavaThread "jar transforms Thread 67" [_thread_blocked, id=12280, stack(0x0000004aefd00000,0x0000004aefe00000)]
  0x000001bd5b8b4000 JavaThread "jar transforms Thread 68" [_thread_blocked, id=6948, stack(0x0000004aefe00000,0x0000004aeff00000)]
  0x000001bd5b8b5800 JavaThread "jar transforms Thread 69" [_thread_blocked, id=6524, stack(0x0000004aeff00000,0x0000004af0000000)]
  0x000001bd5b8b6800 JavaThread "jar transforms Thread 70" [_thread_blocked, id=10608, stack(0x0000004af0000000,0x0000004af0100000)]
  0x000001bd5b8b7000 JavaThread "jar transforms Thread 71" [_thread_blocked, id=10496, stack(0x0000004af0100000,0x0000004af0200000)]
  0x000001bd5b8b8000 JavaThread "jar transforms Thread 72" [_thread_blocked, id=7948, stack(0x0000004af0200000,0x0000004af0300000)]
  0x000001bd5b928000 JavaThread "jar transforms Thread 73" [_thread_blocked, id=9368, stack(0x0000004af0300000,0x0000004af0400000)]
  0x000001bd5b925000 JavaThread "jar transforms Thread 74" [_thread_blocked, id=6800, stack(0x0000004af0400000,0x0000004af0500000)]
  0x000001bd5b929000 JavaThread "jar transforms Thread 75" [_thread_blocked, id=10724, stack(0x0000004af0500000,0x0000004af0600000)]
  0x000001bd5b923800 JavaThread "jar transforms Thread 76" [_thread_blocked, id=10824, stack(0x0000004af0600000,0x0000004af0700000)]
  0x000001bd5b926800 JavaThread "jar transforms Thread 77" [_thread_blocked, id=7048, stack(0x0000004af0700000,0x0000004af0800000)]
  0x000001bd5b92a000 JavaThread "jar transforms Thread 78" [_thread_blocked, id=6704, stack(0x0000004af0800000,0x0000004af0900000)]
  0x000001bd5b926000 JavaThread "jar transforms Thread 79" [_thread_blocked, id=6272, stack(0x0000004af0900000,0x0000004af0a00000)]
  0x000001bd5b924000 JavaThread "jar transforms Thread 80" [_thread_blocked, id=13268, stack(0x0000004af0a00000,0x0000004af0b00000)]
  0x000001bd5b92a800 JavaThread "jar transforms Thread 81" [_thread_blocked, id=2088, stack(0x0000004af0b00000,0x0000004af0c00000)]
  0x000001bd5b92c800 JavaThread "jar transforms Thread 82" [_thread_blocked, id=1180, stack(0x0000004af0c00000,0x0000004af0d00000)]
  0x000001bd5b927800 JavaThread "jar transforms Thread 83" [_thread_blocked, id=2768, stack(0x0000004af0d00000,0x0000004af0e00000)]
  0x000001bd5b930800 JavaThread "jar transforms Thread 84" [_thread_blocked, id=11984, stack(0x0000004af0e00000,0x0000004af0f00000)]
  0x000001bd5b931000 JavaThread "jar transforms Thread 85" [_thread_blocked, id=11692, stack(0x0000004af0f00000,0x0000004af1000000)]
  0x000001bd5b92d000 JavaThread "jar transforms Thread 86" [_thread_blocked, id=10424, stack(0x0000004af1000000,0x0000004af1100000)]
  0x000001bd5b92e800 JavaThread "jar transforms Thread 87" [_thread_blocked, id=12180, stack(0x0000004af1100000,0x0000004af1200000)]
  0x000001bd5b92b800 JavaThread "jar transforms Thread 88" [_thread_blocked, id=1384, stack(0x0000004af1200000,0x0000004af1300000)]
  0x000001bd5b92e000 JavaThread "jar transforms Thread 89" [_thread_blocked, id=2708, stack(0x0000004af1300000,0x0000004af1400000)]
  0x000001bd5b932000 JavaThread "jar transforms Thread 90" [_thread_blocked, id=8708, stack(0x0000004af1400000,0x0000004af1500000)]
  0x000001bd5b92f800 JavaThread "jar transforms Thread 91" [_thread_blocked, id=7100, stack(0x0000004af1500000,0x0000004af1600000)]
  0x000001bd5c48d000 JavaThread "jar transforms Thread 92" [_thread_blocked, id=9220, stack(0x0000004af1600000,0x0000004af1700000)]
  0x000001bd5c48f800 JavaThread "jar transforms Thread 93" [_thread_blocked, id=3608, stack(0x0000004af1700000,0x0000004af1800000)]
  0x000001bd5c48b800 JavaThread "jar transforms Thread 94" [_thread_blocked, id=3696, stack(0x0000004af1800000,0x0000004af1900000)]
  0x000001bd5c491000 JavaThread "jar transforms Thread 95" [_thread_blocked, id=2208, stack(0x0000004af1900000,0x0000004af1a00000)]
  0x000001bd5c48e000 JavaThread "jar transforms Thread 96" [_thread_blocked, id=9632, stack(0x0000004af1a00000,0x0000004af1b00000)]
  0x000001bd5c490800 JavaThread "jar transforms Thread 97" [_thread_blocked, id=8388, stack(0x0000004af1b00000,0x0000004af1c00000)]
  0x000001bd5c48f000 JavaThread "Memory manager" [_thread_blocked, id=6560, stack(0x0000004af1c00000,0x0000004af1d00000)]

Other Threads:
  0x000001bd58308800 VMThread "VM Thread" [stack: 0x0000004ae9700000,0x0000004ae9800000] [id=2644]
  0x000001bd58e18800 WatcherThread [stack: 0x0000004aea100000,0x0000004aea200000] [id=7784]
  0x000001bd3ee13000 GCTaskThread "GC Thread#0" [stack: 0x0000004ae9200000,0x0000004ae9300000] [id=11476]
  0x000001bd590a8800 GCTaskThread "GC Thread#1" [stack: 0x0000004aea200000,0x0000004aea300000] [id=4604]
  0x000001bd3ee43800 ConcurrentGCThread "G1 Main Marker" [stack: 0x0000004ae9300000,0x0000004ae9400000] [id=7088]
  0x000001bd3ee46800 ConcurrentGCThread "G1 Conc#0" [stack: 0x0000004ae9400000,0x0000004ae9500000] [id=10712]
  0x000001bd3ee85800 ConcurrentGCThread "G1 Refine#0" [stack: 0x0000004ae9500000,0x0000004ae9600000] [id=7868]
  0x000001bd3ee86800 ConcurrentGCThread "G1 Young RemSet Sampling" [stack: 0x0000004ae9600000,0x0000004ae9700000] [id=12160]

Threads with active compile tasks:
C2 CompilerThread0  56406 6133       4       com.sun.beans.TypeResolver::resolve (37 bytes)
C1 CompilerThread0  56406 6170       3       kotlin.reflect.jvm.internal.impl.name.FqNameUnsafe::isRoot (8 bytes)

VM state:synchronizing (normal execution)

VM Mutex/Monitor currently owned by a thread:  ([mutex/lock_event])
[0x000001bd3edf8960] Threads_lock - owner thread: 0x000001bd58308800

Heap address: 0x0000000080000000, size: 2048 MB, Compressed Oops mode: 32-bit
Narrow klass base: 0x0000000000000000, Narrow klass shift: 3
Compressed class space size: 1073741824 Address: 0x0000000100000000

Heap:
 garbage-first heap   total 107520K, used 76007K [0x0000000080000000, 0x0000000100000000)
  region size 1024K, 8 young (8192K), 2 survivors (2048K)
 Metaspace       used 66528K, capacity 68319K, committed 68400K, reserved 1107968K
  class space    used 8656K, capacity 9265K, committed 9344K, reserved 1048576K
Heap Regions: E=young(eden), S=young(survivor), O=old, HS=humongous(starts), HC=humongous(continues), CS=collection set, F=free, A=archive, TAMS=top-at-mark-start (previous, next)
|   0|0x0000000080000000, 0x0000000080100000, 0x0000000080100000|100%| O|  |TAMS 0x0000000080100000, 0x0000000080000000| Untracked 
|   1|0x0000000080100000, 0x0000000080200000, 0x0000000080200000|100%| O|  |TAMS 0x0000000080200000, 0x0000000080100000| Untracked 
|   2|0x0000000080200000, 0x0000000080300000, 0x0000000080300000|100%| O|  |TAMS 0x0000000080300000, 0x0000000080200000| Untracked 
|   3|0x0000000080300000, 0x0000000080400000, 0x0000000080400000|100%| O|  |TAMS 0x0000000080400000, 0x0000000080300000| Untracked 
|   4|0x0000000080400000, 0x0000000080500000, 0x0000000080500000|100%|HS|  |TAMS 0x0000000080500000, 0x0000000080400000| Complete 
|   5|0x0000000080500000, 0x0000000080600000, 0x0000000080600000|100%|HC|  |TAMS 0x0000000080600000, 0x0000000080500000| Complete 
|   6|0x0000000080600000, 0x0000000080700000, 0x0000000080700000|100%|HC|  |TAMS 0x0000000080700000, 0x0000000080600000| Complete 
|   7|0x0000000080700000, 0x0000000080800000, 0x0000000080800000|100%| O|  |TAMS 0x0000000080800000, 0x0000000080700000| Untracked 
|   8|0x0000000080800000, 0x0000000080900000, 0x0000000080900000|100%| O|  |TAMS 0x0000000080900000, 0x0000000080800000| Untracked 
|   9|0x0000000080900000, 0x0000000080a00000, 0x0000000080a00000|100%| O|  |TAMS 0x0000000080a00000, 0x0000000080900000| Untracked 
|  10|0x0000000080a00000, 0x0000000080b00000, 0x0000000080b00000|100%| O|  |TAMS 0x0000000080b00000, 0x0000000080a00000| Untracked 
|  11|0x0000000080b00000, 0x0000000080c00000, 0x0000000080c00000|100%| O|  |TAMS 0x0000000080c00000, 0x0000000080b00000| Untracked 
|  12|0x0000000080c00000, 0x0000000080d00000, 0x0000000080d00000|100%| O|  |TAMS 0x0000000080d00000, 0x0000000080c00000| Untracked 
|  13|0x0000000080d00000, 0x0000000080e00000, 0x0000000080e00000|100%| O|  |TAMS 0x0000000080e00000, 0x0000000080d00000| Untracked 
|  14|0x0000000080e00000, 0x0000000080f00000, 0x0000000080f00000|100%| O|  |TAMS 0x0000000080f00000, 0x0000000080e00000| Untracked 
|  15|0x0000000080f00000, 0x0000000081000000, 0x0000000081000000|100%| O|  |TAMS 0x0000000081000000, 0x0000000080f00000| Untracked 
|  16|0x0000000081000000, 0x0000000081100000, 0x0000000081100000|100%|HS|  |TAMS 0x0000000081100000, 0x0000000081000000| Complete 
|  17|0x0000000081100000, 0x0000000081200000, 0x0000000081200000|100%|HC|  |TAMS 0x0000000081200000, 0x0000000081100000| Complete 
|  18|0x0000000081200000, 0x0000000081300000, 0x0000000081300000|100%|HS|  |TAMS 0x0000000081300000, 0x0000000081200000| Complete 
|  19|0x0000000081300000, 0x0000000081400000, 0x0000000081400000|100%|HC|  |TAMS 0x0000000081400000, 0x0000000081300000| Complete 
|  20|0x0000000081400000, 0x0000000081500000, 0x0000000081500000|100%|HC|  |TAMS 0x0000000081500000, 0x0000000081400000| Complete 
|  21|0x0000000081500000, 0x0000000081600000, 0x0000000081600000|100%|HS|  |TAMS 0x0000000081600000, 0x0000000081500000| Complete 
|  22|0x0000000081600000, 0x0000000081700000, 0x0000000081700000|100%|HC|  |TAMS 0x0000000081700000, 0x0000000081600000| Complete 
|  23|0x0000000081700000, 0x0000000081800000, 0x0000000081800000|100%|HC|  |TAMS 0x0000000081800000, 0x0000000081700000| Complete 
|  24|0x0000000081800000, 0x0000000081900000, 0x0000000081900000|100%|HC|  |TAMS 0x0000000081900000, 0x0000000081800000| Complete 
|  25|0x0000000081900000, 0x0000000081a00000, 0x0000000081a00000|100%| O|  |TAMS 0x0000000081a00000, 0x0000000081900000| Untracked 
|  26|0x0000000081a00000, 0x0000000081b00000, 0x0000000081b00000|100%| O|  |TAMS 0x0000000081b00000, 0x0000000081a00000| Untracked 
|  27|0x0000000081b00000, 0x0000000081c00000, 0x0000000081c00000|100%| O|  |TAMS 0x0000000081c00000, 0x0000000081b00000| Untracked 
|  28|0x0000000081c00000, 0x0000000081d00000, 0x0000000081d00000|100%| O|  |TAMS 0x0000000081d00000, 0x0000000081c00000| Untracked 
|  29|0x0000000081d00000, 0x0000000081e00000, 0x0000000081e00000|100%| O|  |TAMS 0x0000000081e00000, 0x0000000081d00000| Untracked 
|  30|0x0000000081e00000, 0x0000000081f00000, 0x0000000081f00000|100%| O|  |TAMS 0x0000000081f00000, 0x0000000081e00000| Untracked 
|  31|0x0000000081f00000, 0x0000000082000000, 0x0000000082000000|100%| O|  |TAMS 0x0000000082000000, 0x0000000081f00000| Untracked 
|  32|0x0000000082000000, 0x0000000082100000, 0x0000000082100000|100%| O|  |TAMS 0x0000000082100000, 0x0000000082000000| Untracked 
|  33|0x0000000082100000, 0x0000000082200000, 0x0000000082200000|100%| O|  |TAMS 0x0000000082200000, 0x0000000082100000| Untracked 
|  34|0x0000000082200000, 0x0000000082300000, 0x0000000082300000|100%|HS|  |TAMS 0x0000000082300000, 0x0000000082200000| Complete 
|  35|0x0000000082300000, 0x0000000082400000, 0x0000000082400000|100%|HC|  |TAMS 0x0000000082400000, 0x0000000082300000| Complete 
|  36|0x0000000082400000, 0x0000000082500000, 0x0000000082500000|100%|HC|  |TAMS 0x0000000082500000, 0x0000000082400000| Complete 
|  37|0x0000000082500000, 0x0000000082600000, 0x0000000082600000|100%|HC|  |TAMS 0x0000000082600000, 0x0000000082500000| Complete 
|  38|0x0000000082600000, 0x0000000082700000, 0x0000000082700000|100%|HS|  |TAMS 0x0000000082700000, 0x0000000082600000| Complete 
|  39|0x0000000082700000, 0x0000000082800000, 0x0000000082800000|100%|HC|  |TAMS 0x0000000082800000, 0x0000000082700000| Complete 
|  40|0x0000000082800000, 0x0000000082900000, 0x0000000082900000|100%|HC|  |TAMS 0x0000000082900000, 0x0000000082800000| Complete 
|  41|0x0000000082900000, 0x0000000082a00000, 0x0000000082a00000|100%| O|  |TAMS 0x0000000082a00000, 0x0000000082900000| Untracked 
|  42|0x0000000082a00000, 0x0000000082b00000, 0x0000000082b00000|100%| O|  |TAMS 0x0000000082b00000, 0x0000000082a00000| Untracked 
|  43|0x0000000082b00000, 0x0000000082c00000, 0x0000000082c00000|100%| O|  |TAMS 0x0000000082c00000, 0x0000000082b00000| Untracked 
|  44|0x0000000082c00000, 0x0000000082d00000, 0x0000000082d00000|100%| O|  |TAMS 0x0000000082d00000, 0x0000000082c00000| Untracked 
|  45|0x0000000082d00000, 0x0000000082e00000, 0x0000000082e00000|100%| O|  |TAMS 0x0000000082e00000, 0x0000000082d00000| Untracked 
|  46|0x0000000082e00000, 0x0000000082f00000, 0x0000000082f00000|100%| O|  |TAMS 0x0000000082f00000, 0x0000000082e00000| Untracked 
|  47|0x0000000082f00000, 0x0000000083000000, 0x0000000083000000|100%| O|  |TAMS 0x0000000083000000, 0x0000000082f00000| Untracked 
|  48|0x0000000083000000, 0x0000000083100000, 0x0000000083100000|100%|HS|  |TAMS 0x0000000083100000, 0x0000000083000000| Complete 
|  49|0x0000000083100000, 0x0000000083200000, 0x0000000083200000|100%| O|  |TAMS 0x0000000083200000, 0x0000000083100000| Untracked 
|  50|0x0000000083200000, 0x0000000083300000, 0x0000000083300000|100%| O|  |TAMS 0x0000000083300000, 0x0000000083200000| Untracked 
|  51|0x0000000083300000, 0x0000000083400000, 0x0000000083400000|100%| O|  |TAMS 0x0000000083400000, 0x0000000083300000| Untracked 
|  52|0x0000000083400000, 0x0000000083500000, 0x0000000083500000|100%| O|  |TAMS 0x0000000083500000, 0x0000000083400000| Untracked 
|  53|0x0000000083500000, 0x0000000083600000, 0x0000000083600000|100%|HS|  |TAMS 0x0000000083600000, 0x0000000083500000| Complete 
|  54|0x0000000083600000, 0x0000000083700000, 0x0000000083700000|100%|HC|  |TAMS 0x0000000083700000, 0x0000000083600000| Complete 
|  55|0x0000000083700000, 0x0000000083800000, 0x0000000083800000|100%| O|  |TAMS 0x0000000083800000, 0x0000000083700000| Untracked 
|  56|0x0000000083800000, 0x0000000083900000, 0x0000000083900000|100%| O|  |TAMS 0x0000000083900000, 0x0000000083800000| Untracked 
|  57|0x0000000083900000, 0x0000000083a00000, 0x0000000083a00000|100%| O|  |TAMS 0x0000000083a00000, 0x0000000083900000| Untracked 
|  58|0x0000000083a00000, 0x0000000083b00000, 0x0000000083b00000|100%| O|  |TAMS 0x0000000083b00000, 0x0000000083a00000| Untracked 
|  59|0x0000000083b00000, 0x0000000083c00000, 0x0000000083c00000|100%| O|  |TAMS 0x0000000083c00000, 0x0000000083b00000| Untracked 
|  60|0x0000000083c00000, 0x0000000083d00000, 0x0000000083d00000|100%| O|  |TAMS 0x0000000083d00000, 0x0000000083c00000| Untracked 
|  61|0x0000000083d00000, 0x0000000083e00000, 0x0000000083e00000|100%| O|  |TAMS 0x0000000083e00000, 0x0000000083d00000| Untracked 
|  62|0x0000000083e00000, 0x0000000083f00000, 0x0000000083f00000|100%| O|  |TAMS 0x0000000083f00000, 0x0000000083e00000| Untracked 
|  63|0x0000000083f00000, 0x0000000084000000, 0x0000000084000000|100%| O|  |TAMS 0x0000000084000000, 0x0000000083f00000| Untracked 
|  64|0x0000000084000000, 0x0000000084100000, 0x0000000084100000|100%| O|  |TAMS 0x0000000084100000, 0x0000000084000000| Untracked 
|  65|0x0000000084100000, 0x0000000084200000, 0x0000000084200000|100%| O|  |TAMS 0x0000000084200000, 0x0000000084100000| Untracked 
|  66|0x0000000084200000, 0x0000000084300000, 0x0000000084300000|100%| O|  |TAMS 0x0000000084300000, 0x0000000084200000| Untracked 
|  67|0x0000000084300000, 0x000000008434c800, 0x0000000084400000| 29%| O|  |TAMS 0x000000008434c800, 0x0000000084300000| Untracked 
|  68|0x0000000084400000, 0x0000000084400000, 0x0000000084500000|  0%| F|  |TAMS 0x0000000084400000, 0x0000000084400000| Untracked 
|  69|0x0000000084500000, 0x0000000084500000, 0x0000000084600000|  0%| F|  |TAMS 0x0000000084500000, 0x0000000084500000| Untracked 
|  70|0x0000000084600000, 0x0000000084600000, 0x0000000084700000|  0%| F|  |TAMS 0x0000000084600000, 0x0000000084600000| Untracked 
|  71|0x0000000084700000, 0x0000000084700000, 0x0000000084800000|  0%| F|  |TAMS 0x0000000084700000, 0x0000000084700000| Untracked 
|  72|0x0000000084800000, 0x0000000084800000, 0x0000000084900000|  0%| F|  |TAMS 0x0000000084800000, 0x0000000084800000| Untracked 
|  73|0x0000000084900000, 0x0000000084900000, 0x0000000084a00000|  0%| F|  |TAMS 0x0000000084900000, 0x0000000084900000| Untracked 
|  74|0x0000000084a00000, 0x0000000084a00000, 0x0000000084b00000|  0%| F|  |TAMS 0x0000000084a00000, 0x0000000084a00000| Untracked 
|  75|0x0000000084b00000, 0x0000000084b00000, 0x0000000084c00000|  0%| F|  |TAMS 0x0000000084b00000, 0x0000000084b00000| Untracked 
|  76|0x0000000084c00000, 0x0000000084c00000, 0x0000000084d00000|  0%| F|  |TAMS 0x0000000084c00000, 0x0000000084c00000| Untracked 
|  77|0x0000000084d00000, 0x0000000084d00000, 0x0000000084e00000|  0%| F|  |TAMS 0x0000000084d00000, 0x0000000084d00000| Untracked 
|  78|0x0000000084e00000, 0x0000000084e00000, 0x0000000084f00000|  0%| F|  |TAMS 0x0000000084e00000, 0x0000000084e00000| Untracked 
|  79|0x0000000084f00000, 0x0000000084f00000, 0x0000000085000000|  0%| F|  |TAMS 0x0000000084f00000, 0x0000000084f00000| Untracked 
|  80|0x0000000085000000, 0x0000000085000000, 0x0000000085100000|  0%| F|  |TAMS 0x0000000085000000, 0x0000000085000000| Untracked 
|  81|0x0000000085100000, 0x0000000085100000, 0x0000000085200000|  0%| F|  |TAMS 0x0000000085100000, 0x0000000085100000| Untracked 
|  82|0x0000000085200000, 0x0000000085200000, 0x0000000085300000|  0%| F|  |TAMS 0x0000000085200000, 0x0000000085200000| Untracked 
|  83|0x0000000085300000, 0x0000000085300000, 0x0000000085400000|  0%| F|  |TAMS 0x0000000085300000, 0x0000000085300000| Untracked 
|  84|0x0000000085400000, 0x00000000854ed508, 0x0000000085500000| 92%| S|CS|TAMS 0x0000000085400000, 0x0000000085400000| Complete 
|  85|0x0000000085500000, 0x0000000085500000, 0x0000000085600000|  0%| F|  |TAMS 0x0000000085500000, 0x0000000085500000| Untracked 
|  86|0x0000000085600000, 0x0000000085700000, 0x0000000085700000|100%| S|CS|TAMS 0x0000000085600000, 0x0000000085600000| Complete 
|  87|0x0000000085700000, 0x0000000085700000, 0x0000000085800000|  0%| F|  |TAMS 0x0000000085700000, 0x0000000085700000| Untracked 
|  88|0x0000000085800000, 0x0000000085800000, 0x0000000085900000|  0%| F|  |TAMS 0x0000000085800000, 0x0000000085800000| Untracked 
|  89|0x0000000085900000, 0x0000000085900000, 0x0000000085a00000|  0%| F|  |TAMS 0x0000000085900000, 0x0000000085900000| Untracked 
|  90|0x0000000085a00000, 0x0000000085a00000, 0x0000000085b00000|  0%| F|  |TAMS 0x0000000085a00000, 0x0000000085a00000| Untracked 
|  91|0x0000000085b00000, 0x0000000085b00000, 0x0000000085c00000|  0%| F|  |TAMS 0x0000000085b00000, 0x0000000085b00000| Untracked 
|  92|0x0000000085c00000, 0x0000000085c00000, 0x0000000085d00000|  0%| F|  |TAMS 0x0000000085c00000, 0x0000000085c00000| Untracked 
|  93|0x0000000085d00000, 0x0000000085d00000, 0x0000000085e00000|  0%| F|  |TAMS 0x0000000085d00000, 0x0000000085d00000| Untracked 
|  94|0x0000000085e00000, 0x0000000085e00000, 0x0000000085f00000|  0%| F|  |TAMS 0x0000000085e00000, 0x0000000085e00000| Untracked 
|  95|0x0000000085f00000, 0x0000000085f00000, 0x0000000086000000|  0%| F|  |TAMS 0x0000000085f00000, 0x0000000085f00000| Untracked 
|  96|0x0000000086000000, 0x0000000086000000, 0x0000000086100000|  0%| F|  |TAMS 0x0000000086000000, 0x0000000086000000| Untracked 
|  97|0x0000000086100000, 0x0000000086100000, 0x0000000086200000|  0%| F|  |TAMS 0x0000000086100000, 0x0000000086100000| Untracked 
|  98|0x0000000086200000, 0x0000000086200000, 0x0000000086300000|  0%| F|  |TAMS 0x0000000086200000, 0x0000000086200000| Untracked 
|  99|0x0000000086300000, 0x0000000086350e38, 0x0000000086400000| 31%| E|  |TAMS 0x0000000086300000, 0x0000000086300000| Complete 
| 100|0x0000000086400000, 0x0000000086500000, 0x0000000086500000|100%| E|CS|TAMS 0x0000000086400000, 0x0000000086400000| Complete 
| 101|0x0000000086500000, 0x0000000086600000, 0x0000000086600000|100%| E|CS|TAMS 0x0000000086500000, 0x0000000086500000| Complete 
| 102|0x0000000086600000, 0x0000000086700000, 0x0000000086700000|100%| E|CS|TAMS 0x0000000086600000, 0x0000000086600000| Complete 
| 103|0x0000000086700000, 0x0000000086800000, 0x0000000086800000|100%| E|CS|TAMS 0x0000000086700000, 0x0000000086700000| Complete 
| 104|0x0000000086800000, 0x0000000086900000, 0x0000000086900000|100%| E|CS|TAMS 0x0000000086800000, 0x0000000086800000| Complete 

Card table byte_map: [0x000001bd51770000,0x000001bd51b70000] _byte_map_base: 0x000001bd51370000

Marking Bits (Prev, Next): (CMBitMap*) 0x000001bd3ee3ad80, (CMBitMap*) 0x000001bd3ee3ad48
 Prev Bits: [0x000001bd53f70000, 0x000001bd55f70000)
 Next Bits: [0x000001bd51f70000, 0x000001bd53f70000)

Polling page: 0x000001bd3cd50000

Metaspace:

Usage:
  Non-class:     57.67 MB capacity,    56.52 MB ( 98%) used,     1.01 MB (  2%) free+waste,   147.13 KB ( <1%) overhead. 
      Class:      9.05 MB capacity,     8.45 MB ( 93%) used,   538.84 KB (  6%) free+waste,    69.75 KB ( <1%) overhead. 
       Both:     66.72 MB capacity,    64.97 MB ( 97%) used,     1.54 MB (  2%) free+waste,   216.88 KB ( <1%) overhead. 

Virtual space:
  Non-class space:       58.00 MB reserved,      57.67 MB (>99%) committed 
      Class space:        1.00 GB reserved,       9.13 MB ( <1%) committed 
             Both:        1.06 GB reserved,      66.80 MB (  6%) committed 

Chunk freelists:
   Non-Class:  2.00 KB
       Class:  15.00 KB
        Both:  17.00 KB

MaxMetaspaceSize: 17179869184.00 GB
CompressedClassSpaceSize: 1.00 GB

CodeHeap 'non-profiled nmethods': size=120064Kb used=3608Kb max_used=3608Kb free=116455Kb
 bounds [0x000001bd4a230000, 0x000001bd4a5c0000, 0x000001bd51770000]
CodeHeap 'profiled nmethods': size=120000Kb used=12941Kb max_used=12941Kb free=107058Kb
 bounds [0x000001bd42d00000, 0x000001bd439b0000, 0x000001bd4a230000]
CodeHeap 'non-nmethods': size=5696Kb used=2225Kb max_used=2263Kb free=3470Kb
 bounds [0x000001bd42770000, 0x000001bd429e0000, 0x000001bd42d00000]
 total_blobs=6722 nmethods=5904 adapters=730
 compilation: enabled
              stopped_count=0, restarted_count=0
 full_count=0

Compilation events (20 events):
Event: 54.445 Thread 0x000001bd58cd4800 nmethod 6158 0x000001bd439a0a10 code [0x000001bd439a0c00, 0x000001bd439a0f58]
Event: 54.445 Thread 0x000001bd58cd4800 6159       3       org.gradle.api.internal.DefaultDomainObjectCollection::doAdd (29 bytes)
Event: 54.445 Thread 0x000001bd58cd4800 nmethod 6159 0x000001bd439a1110 code [0x000001bd439a1300, 0x000001bd439a1758]
Event: 54.446 Thread 0x000001bd58cd4800 6160       3       sun.util.locale.LocaleUtils::isAlphaNumeric (20 bytes)
Event: 54.446 Thread 0x000001bd58cd4800 nmethod 6160 0x000001bd439a1890 code [0x000001bd439a1a60, 0x000001bd439a1e18]
Event: 54.446 Thread 0x000001bd58cd4800 6161       3       org.gradle.api.internal.DefaultDomainObjectCollection::add (25 bytes)
Event: 54.447 Thread 0x000001bd58cd4800 nmethod 6161 0x000001bd439a1f10 code [0x000001bd439a2120, 0x000001bd439a2648]
Event: 54.452 Thread 0x000001bd58cd4800 6162       3       sun.util.locale.provider.LocaleProviderAdapter::getAdapter (177 bytes)
Event: 54.454 Thread 0x000001bd58cd4800 nmethod 6162 0x000001bd439a2810 code [0x000001bd439a2b60, 0x000001bd439a40e8]
Event: 54.454 Thread 0x000001bd58cd4800 6163       3       com.google.common.collect.ImmutableList::contains (14 bytes)
Event: 54.454 Thread 0x000001bd58cd4800 nmethod 6163 0x000001bd439a4710 code [0x000001bd439a48c0, 0x000001bd439a4ac8]
Event: 54.454 Thread 0x000001bd58cd4800 6164       3       com.google.common.collect.ImmutableList::indexOf (14 bytes)
Event: 54.454 Thread 0x000001bd58cd4800 nmethod 6164 0x000001bd439a4b90 code [0x000001bd439a4d40, 0x000001bd439a4ec8]
Event: 54.454 Thread 0x000001bd58cd4800 6165       3       com.google.common.collect.Lists::indexOfRandomAccess (70 bytes)
Event: 54.455 Thread 0x000001bd58cd4800 nmethod 6165 0x000001bd439a4f90 code [0x000001bd439a51a0, 0x000001bd439a57f8]
Event: 54.455 Thread 0x000001bd58cd4800 6166       3       java.util.LinkedList::checkElementIndex (22 bytes)
Event: 54.456 Thread 0x000001bd58cd4800 nmethod 6166 0x000001bd439a5a10 code [0x000001bd439a5c80, 0x000001bd439a63a8]
Event: 55.374 Thread 0x000001bd58cd4800 6169       3       kotlin.reflect.jvm.internal.pcollections.IntTree::get (60 bytes)
Event: 55.374 Thread 0x000001bd58cd4800 nmethod 6169 0x000001bd439a6690 code [0x000001bd439a6860, 0x000001bd439a6ad8]
Event: 55.436 Thread 0x000001bd58cd4800 6170       3       kotlin.reflect.jvm.internal.impl.name.FqNameUnsafe::isRoot (8 bytes)

GC Heap History (20 events):
Event: 48.632 GC heap before
{Heap before GC invocations=51 (full 0):
 garbage-first heap   total 89088K, used 72759K [0x0000000080000000, 0x0000000100000000)
  region size 1024K, 13 young (13312K), 2 survivors (2048K)
 Metaspace       used 57310K, capacity 58946K, committed 59312K, reserved 1101824K
  class space    used 7303K, capacity 7823K, committed 7936K, reserved 1048576K
}
Event: 48.642 GC heap after
{Heap after GC invocations=52 (full 0):
 garbage-first heap   total 89088K, used 63078K [0x0000000080000000, 0x0000000100000000)
  region size 1024K, 2 young (2048K), 2 survivors (2048K)
 Metaspace       used 57310K, capacity 58946K, committed 59312K, reserved 1101824K
  class space    used 7303K, capacity 7823K, committed 7936K, reserved 1048576K
}
Event: 49.297 GC heap before
{Heap before GC invocations=52 (full 0):
 garbage-first heap   total 89088K, used 73318K [0x0000000080000000, 0x0000000100000000)
  region size 1024K, 13 young (13312K), 2 survivors (2048K)
 Metaspace       used 57872K, capacity 59402K, committed 59568K, reserved 1101824K
  class space    used 7385K, capacity 7889K, committed 7936K, reserved 1048576K
}
Event: 49.309 GC heap after
{Heap after GC invocations=53 (full 0):
 garbage-first heap   total 89088K, used 64219K [0x0000000080000000, 0x0000000100000000)
  region size 1024K, 2 young (2048K), 2 survivors (2048K)
 Metaspace       used 57872K, capacity 59402K, committed 59568K, reserved 1101824K
  class space    used 7385K, capacity 7889K, committed 7936K, reserved 1048576K
}
Event: 49.802 GC heap before
{Heap before GC invocations=54 (full 0):
 garbage-first heap   total 89088K, used 73435K [0x0000000080000000, 0x0000000100000000)
  region size 1024K, 12 young (12288K), 2 survivors (2048K)
 Metaspace       used 58837K, capacity 60494K, committed 60720K, reserved 1101824K
  class space    used 7514K, capacity 8055K, committed 8064K, reserved 1048576K
}
Event: 49.814 GC heap after
{Heap after GC invocations=55 (full 0):
 garbage-first heap   total 89088K, used 65323K [0x0000000080000000, 0x0000000100000000)
  region size 1024K, 1 young (1024K), 1 survivors (1024K)
 Metaspace       used 58837K, capacity 60494K, committed 60720K, reserved 1101824K
  class space    used 7514K, capacity 8055K, committed 8064K, reserved 1048576K
}
Event: 50.142 GC heap before
{Heap before GC invocations=55 (full 0):
 garbage-first heap   total 89088K, used 70443K [0x0000000080000000, 0x0000000100000000)
  region size 1024K, 8 young (8192K), 1 survivors (1024K)
 Metaspace       used 59627K, capacity 61362K, committed 61616K, reserved 1103872K
  class space    used 7581K, capacity 8129K, committed 8192K, reserved 1048576K
}
Event: 50.149 GC heap after
{Heap after GC invocations=56 (full 0):
 garbage-first heap   total 89088K, used 65797K [0x0000000080000000, 0x0000000100000000)
  region size 1024K, 2 young (2048K), 2 survivors (2048K)
 Metaspace       used 59627K, capacity 61362K, committed 61616K, reserved 1103872K
  class space    used 7581K, capacity 8129K, committed 8192K, reserved 1048576K
}
Event: 50.641 GC heap before
{Heap before GC invocations=57 (full 0):
 garbage-first heap   total 89088K, used 75013K [0x0000000080000000, 0x0000000100000000)
  region size 1024K, 10 young (10240K), 2 survivors (2048K)
 Metaspace       used 60371K, capacity 62157K, committed 62512K, reserved 1103872K
  class space    used 7652K, capacity 8197K, committed 8320K, reserved 1048576K
}
Event: 50.653 GC heap after
{Heap after GC invocations=58 (full 0):
 garbage-first heap   total 89088K, used 67008K [0x0000000080000000, 0x0000000100000000)
  region size 1024K, 2 young (2048K), 2 survivors (2048K)
 Metaspace       used 60371K, capacity 62157K, committed 62512K, reserved 1103872K
  class space    used 7652K, capacity 8197K, committed 8320K, reserved 1048576K
}
Event: 51.026 GC heap before
{Heap before GC invocations=58 (full 0):
 garbage-first heap   total 89088K, used 75200K [0x0000000080000000, 0x0000000100000000)
  region size 1024K, 10 young (10240K), 2 survivors (2048K)
 Metaspace       used 60647K, capacity 62374K, committed 62512K, reserved 1103872K
  class space    used 7724K, capacity 8268K, committed 8320K, reserved 1048576K
}
Event: 51.036 GC heap after
{Heap after GC invocations=59 (full 0):
 garbage-first heap   total 89088K, used 66913K [0x0000000080000000, 0x0000000100000000)
  region size 1024K, 2 young (2048K), 2 survivors (2048K)
 Metaspace       used 60647K, capacity 62374K, committed 62512K, reserved 1103872K
  class space    used 7724K, capacity 8268K, committed 8320K, reserved 1048576K
}
Event: 51.375 GC heap before
{Heap before GC invocations=60 (full 0):
 garbage-first heap   total 89088K, used 74081K [0x0000000080000000, 0x0000000100000000)
  region size 1024K, 9 young (9216K), 2 survivors (2048K)
 Metaspace       used 60670K, capacity 62472K, committed 62512K, reserved 1103872K
  class space    used 7729K, capacity 8302K, committed 8320K, reserved 1048576K
}
Event: 51.384 GC heap after
{Heap after GC invocations=61 (full 0):
 garbage-first heap   total 107520K, used 67577K [0x0000000080000000, 0x0000000100000000)
  region size 1024K, 2 young (2048K), 2 survivors (2048K)
 Metaspace       used 60670K, capacity 62472K, committed 62512K, reserved 1103872K
  class space    used 7729K, capacity 8302K, committed 8320K, reserved 1048576K
}
Event: 52.318 GC heap before
{Heap before GC invocations=61 (full 0):
 garbage-first heap   total 107520K, used 83961K [0x0000000080000000, 0x0000000100000000)
  region size 1024K, 18 young (18432K), 2 survivors (2048K)
 Metaspace       used 62170K, capacity 63992K, committed 64048K, reserved 1105920K
  class space    used 7923K, capacity 8530K, committed 8576K, reserved 1048576K
}
Event: 52.331 GC heap after
{Heap after GC invocations=62 (full 0):
 garbage-first heap   total 107520K, used 68967K [0x0000000080000000, 0x0000000100000000)
  region size 1024K, 3 young (3072K), 3 survivors (3072K)
 Metaspace       used 62170K, capacity 63992K, committed 64048K, reserved 1105920K
  class space    used 7923K, capacity 8530K, committed 8576K, reserved 1048576K
}
Event: 53.458 GC heap before
{Heap before GC invocations=63 (full 0):
 garbage-first heap   total 107520K, used 84327K [0x0000000080000000, 0x0000000100000000)
  region size 1024K, 18 young (18432K), 3 survivors (3072K)
 Metaspace       used 64192K, capacity 65994K, committed 66224K, reserved 1105920K
  class space    used 8314K, capacity 8921K, committed 8960K, reserved 1048576K
}
Event: 53.469 GC heap after
{Heap after GC invocations=64 (full 0):
 garbage-first heap   total 107520K, used 69546K [0x0000000080000000, 0x0000000100000000)
  region size 1024K, 2 young (2048K), 2 survivors (2048K)
 Metaspace       used 64192K, capacity 65994K, committed 66224K, reserved 1105920K
  class space    used 8314K, capacity 8921K, committed 8960K, reserved 1048576K
}
Event: 54.472 GC heap before
{Heap before GC invocations=64 (full 0):
 garbage-first heap   total 107520K, used 86954K [0x0000000080000000, 0x0000000100000000)
  region size 1024K, 19 young (19456K), 2 survivors (2048K)
 Metaspace       used 66021K, capacity 67837K, committed 68016K, reserved 1107968K
  class space    used 8579K, capacity 9167K, committed 9216K, reserved 1048576K
}
Event: 54.483 GC heap after
{Heap after GC invocations=65 (full 0):
 garbage-first heap   total 107520K, used 70887K [0x0000000080000000, 0x0000000100000000)
  region size 1024K, 2 young (2048K), 2 survivors (2048K)
 Metaspace       used 66021K, capacity 67837K, committed 68016K, reserved 1107968K
  class space    used 8579K, capacity 9167K, committed 9216K, reserved 1048576K
}

Deoptimization events (20 events):
Event: 50.603 Thread 0x000001bd5a27e800 Uncommon trap: trap_request=0xffffff4d fr.pc=0x000001bd4a274360 relative=0x00000000000000c0
Event: 50.603 Thread 0x000001bd5a27e800 Uncommon trap: reason=unstable_if action=reinterpret pc=0x000001bd4a274360 method=java.lang.String.getBytes([BIB)V @ 5 c2
Event: 50.603 Thread 0x000001bd5a27e800 DEOPT PACKING pc=0x000001bd4a274360 sp=0x0000004aeabf64b0
Event: 50.603 Thread 0x000001bd5a27e800 DEOPT UNPACKING pc=0x000001bd427968a9 sp=0x0000004aeabf6458 mode 2
Event: 50.603 Thread 0x000001bd5a27e800 Uncommon trap: trap_request=0xffffff4d fr.pc=0x000001bd4a271aec relative=0x000000000000042c
Event: 50.603 Thread 0x000001bd5a27e800 Uncommon trap: reason=unstable_if action=reinterpret pc=0x000001bd4a271aec method=java.lang.String.substring(II)Ljava/lang/String; @ 31 c2
Event: 50.603 Thread 0x000001bd5a27e800 DEOPT PACKING pc=0x000001bd4a271aec sp=0x0000004aeabf6520
Event: 50.603 Thread 0x000001bd5a27e800 DEOPT UNPACKING pc=0x000001bd427968a9 sp=0x0000004aeabf64d8 mode 2
Event: 51.242 Thread 0x000001bd5a27e800 Uncommon trap: trap_request=0xfffffff4 fr.pc=0x000001bd4a4a8e3c relative=0x000000000000089c
Event: 51.242 Thread 0x000001bd5a27e800 Uncommon trap: reason=null_check action=make_not_entrant pc=0x000001bd4a4a8e3c method=com.sun.beans.introspect.MethodInfo$MethodOrder.compare(Ljava/lang/reflect/Method;Ljava/lang/reflect/Method;)I @ 133 c2
Event: 51.242 Thread 0x000001bd5a27e800 DEOPT PACKING pc=0x000001bd4a4a8e3c sp=0x0000004aeabf3ed0
Event: 51.242 Thread 0x000001bd5a27e800 DEOPT UNPACKING pc=0x000001bd427968a9 sp=0x0000004aeabf3e00 mode 2
Event: 51.416 Thread 0x000001bd5a27e800 Uncommon trap: trap_request=0xfffffff4 fr.pc=0x000001bd4a561dfc relative=0x000000000000085c
Event: 51.416 Thread 0x000001bd5a27e800 Uncommon trap: reason=null_check action=make_not_entrant pc=0x000001bd4a561dfc method=com.sun.beans.introspect.MethodInfo$MethodOrder.compare(Ljava/lang/reflect/Method;Ljava/lang/reflect/Method;)I @ 145 c2
Event: 51.416 Thread 0x000001bd5a27e800 DEOPT PACKING pc=0x000001bd4a561dfc sp=0x0000004aeabf2b90
Event: 51.416 Thread 0x000001bd5a27e800 DEOPT UNPACKING pc=0x000001bd427968a9 sp=0x0000004aeabf2b30 mode 2
Event: 51.469 Thread 0x000001bd5a27e800 Uncommon trap: trap_request=0xffffff7e fr.pc=0x000001bd4a5641b8 relative=0x0000000000000078
Event: 51.469 Thread 0x000001bd5a27e800 Uncommon trap: reason=predicate action=maybe_recompile pc=0x000001bd4a5641b8 method=java.util.ComparableTimSort.binarySort([Ljava/lang/Object;III)V @ 34 c2
Event: 51.469 Thread 0x000001bd5a27e800 DEOPT PACKING pc=0x000001bd4a5641b8 sp=0x0000004aeabf8120
Event: 51.469 Thread 0x000001bd5a27e800 DEOPT UNPACKING pc=0x000001bd427968a9 sp=0x0000004aeabf80c8 mode 2

Classes redefined (0 events):
No events

Internal exceptions (20 events):
Event: 51.425 Thread 0x000001bd5a27e800 Exception <a 'java/lang/ClassNotFoundException'{0x0000000086674550}: com/android/build/gradle/internal/dsl/BuildType_DecoratedCustomizer> (0x0000000086674550) thrown at [./src/hotspot/share/classfile/systemDictionary.cpp, line 231]
Event: 51.453 Thread 0x000001bd5a27e800 Exception <a 'java/lang/ClassNotFoundException'{0x0000000086531680}: build_alcjw05eir1j26uscetxzvc6y$_run_closure1$_closure4BeanInfo> (0x0000000086531680) thrown at [./src/hotspot/share/classfile/systemDictionary.cpp, line 231]
Event: 51.454 Thread 0x000001bd5a27e800 Exception <a 'java/lang/ClassNotFoundException'{0x0000000086540be8}: build_alcjw05eir1j26uscetxzvc6y$_run_closure1$_closure4Customizer> (0x0000000086540be8) thrown at [./src/hotspot/share/classfile/systemDictionary.cpp, line 231]
Event: 51.463 Thread 0x000001bd5a27e800 Exception <a 'java/lang/ClassNotFoundException'{0x0000000086568028}: build_alcjw05eir1j26uscetxzvc6y$_run_closure1BeanInfo> (0x0000000086568028) thrown at [./src/hotspot/share/classfile/systemDictionary.cpp, line 231]
Event: 51.463 Thread 0x000001bd5a27e800 Exception <a 'java/lang/ClassNotFoundException'{0x0000000086576d88}: build_alcjw05eir1j26uscetxzvc6y$_run_closure1Customizer> (0x0000000086576d88) thrown at [./src/hotspot/share/classfile/systemDictionary.cpp, line 231]
Event: 51.486 Thread 0x000001bd5a27e800 Exception <a 'java/lang/ClassNotFoundException'{0x00000000865cd440}: org/gradle/api/JavaVersionBeanInfo> (0x00000000865cd440) thrown at [./src/hotspot/share/classfile/systemDictionary.cpp, line 231]
Event: 51.486 Thread 0x000001bd5a27e800 Exception <a 'java/lang/ClassNotFoundException'{0x00000000865d7d40}: java/lang/EnumBeanInfo> (0x00000000865d7d40) thrown at [./src/hotspot/share/classfile/systemDictionary.cpp, line 231]
Event: 51.491 Thread 0x000001bd5a27e800 Exception <a 'java/lang/ClassNotFoundException'{0x00000000865e26b0}: java/lang/EnumCustomizer> (0x00000000865e26b0) thrown at [./src/hotspot/share/classfile/systemDictionary.cpp, line 231]
Event: 51.493 Thread 0x000001bd5a27e800 Exception <a 'java/lang/ClassNotFoundException'{0x000000008640ca38}: org/gradle/api/JavaVersionCustomizer> (0x000000008640ca38) thrown at [./src/hotspot/share/classfile/systemDictionary.cpp, line 231]
Event: 51.497 Thread 0x000001bd5a27e800 Exception <a 'java/lang/ClassNotFoundException'{0x000000008645a2b8}: com/android/build/gradle/internal/CompileOptions_DecoratedBeanInfo> (0x000000008645a2b8) thrown at [./src/hotspot/share/classfile/systemDictionary.cpp, line 231]
Event: 51.498 Thread 0x000001bd5a27e800 Exception <a 'java/lang/ClassNotFoundException'{0x000000008646f010}: com/android/build/gradle/internal/CompileOptionsBeanInfo> (0x000000008646f010) thrown at [./src/hotspot/share/classfile/systemDictionary.cpp, line 231]
Event: 51.499 Thread 0x000001bd5a27e800 Exception <a 'java/lang/ClassNotFoundException'{0x00000000864843a8}: com/android/build/gradle/internal/CompileOptionsCustomizer> (0x00000000864843a8) thrown at [./src/hotspot/share/classfile/systemDictionary.cpp, line 231]
Event: 51.500 Thread 0x000001bd5a27e800 Exception <a 'java/lang/ClassNotFoundException'{0x00000000864a5fd0}: com/android/build/gradle/internal/CompileOptions_DecoratedCustomizer> (0x00000000864a5fd0) thrown at [./src/hotspot/share/classfile/systemDictionary.cpp, line 231]
Event: 53.334 Thread 0x000001bd5c48f000 Exception <a 'java/lang/NoSuchMethodError'{0x0000000085d622a8}: 'int java.lang.invoke.DirectMethodHandle$Holder.invokeVirtual(java.lang.Object, java.lang.Object)'> (0x0000000085d622a8) thrown at [./src/hotspot/share/interpreter/linkResolver.cpp, line 773]
Event: 54.353 Thread 0x000001bd5a27e800 Exception <a 'java/lang/ClassNotFoundException'{0x0000000085a00d50}: com/android/build/gradle/internal/api/ApkVariantOutputImpl_DecoratedBeanInfo> (0x0000000085a00d50) thrown at [./src/hotspot/share/classfile/systemDictionary.cpp, line 231]
Event: 54.353 Thread 0x000001bd5a27e800 Exception <a 'java/lang/ClassNotFoundException'{0x0000000085a16278}: com/android/build/gradle/internal/api/ApkVariantOutputImplBeanInfo> (0x0000000085a16278) thrown at [./src/hotspot/share/classfile/systemDictionary.cpp, line 231]
Event: 54.354 Thread 0x000001bd5a27e800 Exception <a 'java/lang/ClassNotFoundException'{0x0000000085a2bdd8}: com/android/build/gradle/internal/api/BaseVariantOutputImplBeanInfo> (0x0000000085a2bdd8) thrown at [./src/hotspot/share/classfile/systemDictionary.cpp, line 231]
Event: 54.355 Thread 0x000001bd5a27e800 Exception <a 'java/lang/ClassNotFoundException'{0x0000000085a41960}: com/android/build/gradle/internal/api/BaseVariantOutputImplCustomizer> (0x0000000085a41960) thrown at [./src/hotspot/share/classfile/systemDictionary.cpp, line 231]
Event: 54.358 Thread 0x000001bd5a27e800 Exception <a 'java/lang/ClassNotFoundException'{0x0000000085a69e28}: com/android/build/gradle/internal/api/ApkVariantOutputImplCustomizer> (0x0000000085a69e28) thrown at [./src/hotspot/share/classfile/systemDictionary.cpp, line 231]
Event: 54.359 Thread 0x000001bd5a27e800 Exception <a 'java/lang/ClassNotFoundException'{0x0000000085a8dfa0}: com/android/build/gradle/internal/api/ApkVariantOutputImpl_DecoratedCustomizer> (0x0000000085a8dfa0) thrown at [./src/hotspot/share/classfile/systemDictionary.cpp, line 231]

Events (20 events):
Event: 55.415 loading class kotlin/reflect/jvm/internal/impl/resolve/DescriptorUtils
Event: 55.415 loading class kotlin/reflect/jvm/internal/impl/resolve/DescriptorUtils done
Event: 55.418 loading class kotlin/reflect/jvm/internal/impl/descriptors/DeclarationDescriptorWithVisibility
Event: 55.418 loading class kotlin/reflect/jvm/internal/impl/descriptors/DeclarationDescriptorWithVisibility done
Event: 55.419 loading class kotlin/reflect/jvm/internal/impl/builtins/KotlinBuiltIns$FqNames
Event: 55.419 loading class kotlin/reflect/jvm/internal/impl/builtins/KotlinBuiltIns$FqNames done
Event: 55.422 loading class kotlin/reflect/jvm/internal/impl/builtins/PrimitiveType
Event: 55.422 loading class kotlin/reflect/jvm/internal/impl/builtins/PrimitiveType done
Event: 55.423 loading class kotlin/reflect/jvm/internal/impl/utils/CollectionsKt
Event: 55.423 loading class kotlin/reflect/jvm/internal/impl/utils/CollectionsKt done
Event: 55.424 loading class kotlin/reflect/jvm/internal/impl/builtins/functions/FunctionClassDescriptor$Kind$Companion
Event: 55.424 loading class kotlin/reflect/jvm/internal/impl/builtins/functions/FunctionClassDescriptor$Kind$Companion done
Event: 55.431 loading class kotlin/reflect/jvm/internal/impl/builtins/jvm/JavaToKotlinClassMap$PlatformMutabilityMapping
Event: 55.431 loading class kotlin/reflect/jvm/internal/impl/builtins/jvm/JavaToKotlinClassMap$PlatformMutabilityMapping done
Event: 55.432 loading class kotlin/reflect/jvm/internal/impl/name/FqNamesUtilKt
Event: 55.432 loading class kotlin/reflect/jvm/internal/impl/name/FqNamesUtilKt done
Event: 55.433 loading class kotlin/reflect/jvm/internal/impl/resolve/jvm/JvmPrimitiveType
Event: 55.433 loading class kotlin/reflect/jvm/internal/impl/resolve/jvm/JvmPrimitiveType done
Event: 55.436 loading class kotlin/reflect/jvm/internal/impl/builtins/CompanionObjectMapping
Event: 55.436 loading class kotlin/reflect/jvm/internal/impl/builtins/CompanionObjectMapping done


Dynamic libraries:
0x00007ff7e2340000 - 0x00007ff7e234a000 	C:\Program Files\Android\Android Studio1\jre\bin\java.exe
0x00007ffa114c0000 - 0x00007ffa116b0000 	C:\windows\SYSTEM32\ntdll.dll
0x00007ffa110b0000 - 0x00007ffa11162000 	C:\windows\System32\KERNEL32.DLL
0x00007ffa0f200000 - 0x00007ffa0f4a5000 	C:\windows\System32\KERNELBASE.dll
0x00007ffa0e430000 - 0x00007ffa0e52a000 	C:\windows\System32\ucrtbase.dll
0x00007ff9f6e00000 - 0x00007ff9f6e19000 	C:\Program Files\Android\Android Studio1\jre\bin\jli.dll
0x00007ffa106d0000 - 0x00007ffa10864000 	C:\windows\System32\USER32.dll
0x00007ffa0f4e0000 - 0x00007ffa0f501000 	C:\windows\System32\win32u.dll
0x00007ffa11450000 - 0x00007ffa11476000 	C:\windows\System32\GDI32.dll
0x00007ffa0e530000 - 0x00007ffa0e6c8000 	C:\windows\System32\gdi32full.dll
0x00007ffa0e8e0000 - 0x00007ffa0e97e000 	C:\windows\System32\msvcp_win.dll
0x00007ff9f3e30000 - 0x00007ff9f40b4000 	C:\windows\WinSxS\amd64_microsoft.windows.common-controls_6595b64144ccf1df_6.0.18362.1556_none_9e7e372fe45e41d5\COMCTL32.dll
0x00007ffa11330000 - 0x00007ffa113ce000 	C:\windows\System32\msvcrt.dll
0x00007ffa0fa70000 - 0x00007ffa0fda6000 	C:\windows\System32\combase.dll
0x00007ffa0f950000 - 0x00007ffa0fa6f000 	C:\windows\System32\RPCRT4.dll
0x00007ffa0e6d0000 - 0x00007ffa0e751000 	C:\windows\System32\bcryptPrimitives.dll
0x00007ff9e9410000 - 0x00007ff9e9427000 	C:\Program Files\Android\Android Studio1\jre\bin\VCRUNTIME140.dll
0x00007ffa10870000 - 0x00007ffa1089e000 	C:\windows\System32\IMM32.DLL
0x00007ff9d5e10000 - 0x00007ff9d5ead000 	C:\Program Files\Android\Android Studio1\jre\bin\msvcp140.dll
0x00007ff9c79d0000 - 0x00007ff9c848c000 	C:\Program Files\Android\Android Studio1\jre\bin\server\jvm.dll
0x00007ffa10d10000 - 0x00007ffa10db3000 	C:\windows\System32\ADVAPI32.dll
0x00007ffa10630000 - 0x00007ffa106c7000 	C:\windows\System32\sechost.dll
0x00007ffa0c3e0000 - 0x00007ffa0c404000 	C:\windows\SYSTEM32\WINMM.dll
0x00007ffa030a0000 - 0x00007ffa030aa000 	C:\windows\SYSTEM32\VERSION.dll
0x00007ffa0c3b0000 - 0x00007ffa0c3dd000 	C:\windows\SYSTEM32\WINMMBASE.dll
0x00007ffa0f100000 - 0x00007ffa0f14a000 	C:\windows\System32\cfgmgr32.dll
0x00007ffa10dd0000 - 0x00007ffa10dd8000 	C:\windows\System32\PSAPI.DLL
0x00007ffa09940000 - 0x00007ffa09949000 	C:\windows\SYSTEM32\WSOCK32.dll
0x00007ffa10f60000 - 0x00007ffa10fcf000 	C:\windows\System32\WS2_32.dll
0x00007ffa0e3a0000 - 0x00007ffa0e3b1000 	C:\windows\System32\kernel.appcore.dll
0x00007ffa09800000 - 0x00007ffa09811000 	C:\Program Files\Android\Android Studio1\jre\bin\verify.dll
0x00007ff9f5610000 - 0x00007ff9f5804000 	C:\windows\SYSTEM32\DBGHELP.DLL
0x00007ff9f55e0000 - 0x00007ff9f560a000 	C:\windows\SYSTEM32\dbgcore.DLL
0x00007ff9fd7a0000 - 0x00007ff9fd7c9000 	C:\Program Files\Android\Android Studio1\jre\bin\java.dll
0x00007ffa09930000 - 0x00007ffa0993b000 	C:\Program Files\Android\Android Studio1\jre\bin\jimage.dll
0x00007ffa096d0000 - 0x00007ffa096e8000 	C:\Program Files\Android\Android Studio1\jre\bin\zip.dll
0x00007ffa0ff40000 - 0x00007ffa10627000 	C:\windows\System32\SHELL32.dll
0x00007ffa10fd0000 - 0x00007ffa11078000 	C:\windows\System32\shcore.dll
0x00007ffa0e980000 - 0x00007ffa0f0fb000 	C:\windows\System32\windows.storage.dll
0x00007ffa0e380000 - 0x00007ffa0e39e000 	C:\windows\System32\profapi.dll
0x00007ffa0e3c0000 - 0x00007ffa0e40a000 	C:\windows\System32\powrprof.dll
0x00007ffa0e370000 - 0x00007ffa0e380000 	C:\windows\System32\UMPDC.dll
0x00007ffa0fe80000 - 0x00007ffa0fed2000 	C:\windows\System32\shlwapi.dll
0x00007ffa0e8c0000 - 0x00007ffa0e8d7000 	C:\windows\System32\cryptsp.dll
0x00007ffa070e0000 - 0x00007ffa070fa000 	C:\Program Files\Android\Android Studio1\jre\bin\net.dll
0x00007ff9f8320000 - 0x00007ff9f841a000 	C:\windows\SYSTEM32\WINHTTP.dll
0x00007ffa0dbb0000 - 0x00007ffa0dc17000 	C:\windows\system32\mswsock.dll
0x00007ff9fd780000 - 0x00007ff9fd794000 	C:\Program Files\Android\Android Studio1\jre\bin\nio.dll
0x00007ffa07d00000 - 0x00007ffa07d26000 	C:\Users\Avinash Jha\.gradle\native\fdc75f09e3144964f2cf3f50f0aa648679c211496f362492102eb8c894070792\windows-amd64\native-platform.dll
0x00007ff9caa90000 - 0x00007ff9cac21000 	C:\Users\Avinash Jha\.gradle\native\12488b8bf47d2d4c9fbf2f6322a914ad602e24e48041cd04a747c6da556b65c4\windows-amd64\native-platform-file-events.dll
0x00007ffa07850000 - 0x00007ffa0785a000 	C:\Program Files\Android\Android Studio1\jre\bin\management.dll
0x00007ff9fd840000 - 0x00007ff9fd84c000 	C:\Program Files\Android\Android Studio1\jre\bin\management_ext.dll
0x00007ffa0d730000 - 0x00007ffa0d763000 	C:\windows\system32\rsaenh.dll
0x00007ffa0f4b0000 - 0x00007ffa0f4d6000 	C:\windows\System32\bcrypt.dll
0x00007ffa0e260000 - 0x00007ffa0e285000 	C:\windows\SYSTEM32\USERENV.dll
0x00007ffa0dd80000 - 0x00007ffa0dd8c000 	C:\windows\SYSTEM32\CRYPTBASE.dll
0x00007ffa0d8c0000 - 0x00007ffa0d8fa000 	C:\windows\SYSTEM32\IPHLPAPI.DLL
0x00007ffa110a0000 - 0x00007ffa110a8000 	C:\windows\System32\NSI.dll
0x00007ffa030d0000 - 0x00007ffa030e6000 	C:\windows\SYSTEM32\dhcpcsvc6.DLL
0x00007ffa031b0000 - 0x00007ffa031cc000 	C:\windows\SYSTEM32\dhcpcsvc.DLL
0x00007ffa0d950000 - 0x00007ffa0da1b000 	C:\windows\SYSTEM32\DNSAPI.dll
0x00007ffa033a0000 - 0x00007ffa033ab000 	C:\windows\SYSTEM32\WINNSI.DLL

dbghelp: loaded successfully - version: 4.0.5 - missing functions: none
symbol engine: initialized successfully - sym options: 0x614 - pdb path: .;C:\Program Files\Android\Android Studio1\jre\bin;C:\windows\SYSTEM32;C:\windows\WinSxS\amd64_microsoft.windows.common-controls_6595b64144ccf1df_6.0.18362.1556_none_9e7e372fe45e41d5;C:\Program Files\Android\Android Studio1\jre\bin\server;C:\Users\Avinash Jha\.gradle\native\fdc75f09e3144964f2cf3f50f0aa648679c211496f362492102eb8c894070792\windows-amd64;C:\Users\Avinash Jha\.gradle\native\12488b8bf47d2d4c9fbf2f6322a914ad602e24e48041cd04a747c6da556b65c4\windows-amd64

VM Arguments:
jvm_args: --add-opens=java.base/java.util=ALL-UNNAMED --add-opens=java.base/java.lang=ALL-UNNAMED --add-opens=java.base/java.lang.invoke=ALL-UNNAMED --add-opens=java.prefs/java.util.prefs=ALL-UNNAMED -Xmx2048m -Dfile.encoding=UTF-8 -Duser.country=IN -Duser.language=en -Duser.variant 
java_command: org.gradle.launcher.daemon.bootstrap.GradleDaemon 6.7.1
java_class_path (initial): C:\Users\Avinash Jha\.gradle\wrapper\dists\gradle-6.7.1-bin\bwlcbys1h7rz3272sye1xwiv6\gradle-6.7.1\lib\gradle-launcher-6.7.1.jar
Launcher Type: SUN_STANDARD

[Global flags]
     intx CICompilerCount                          = 2                                         {product} {ergonomic}
     uint ConcGCThreads                            = 1                                         {product} {ergonomic}
     uint G1ConcRefinementThreads                  = 2                                         {product} {ergonomic}
   size_t G1HeapRegionSize                         = 1048576                                   {product} {ergonomic}
    uintx GCDrainStackTargetSize                   = 64                                        {product} {ergonomic}
   size_t InitialHeapSize                          = 62914560                                  {product} {ergonomic}
   size_t MarkStackSize                            = 4194304                                   {product} {ergonomic}
   size_t MaxHeapSize                              = 2147483648                                {product} {command line}
   size_t MaxNewSize                               = 1287651328                                {product} {ergonomic}
   size_t MinHeapDeltaBytes                        = 1048576                                   {product} {ergonomic}
    uintx NonNMethodCodeHeapSize                   = 5825164                                {pd product} {ergonomic}
    uintx NonProfiledCodeHeapSize                  = 122916538                              {pd product} {ergonomic}
    uintx ProfiledCodeHeapSize                     = 122916538                              {pd product} {ergonomic}
    uintx ReservedCodeCacheSize                    = 251658240                              {pd product} {ergonomic}
     bool SegmentedCodeCache                       = true                                      {product} {ergonomic}
     bool UseCompressedClassPointers               = true                                 {lp64_product} {ergonomic}
     bool UseCompressedOops                        = true                                 {lp64_product} {ergonomic}
     bool UseG1GC                                  = true                                      {product} {ergonomic}
     bool UseLargePagesIndividualAllocation        = false                                  {pd product} {ergonomic}

Logging:
Log output configuration:
 #0: stdout all=warning uptime,level,tags
 #1: stderr all=off uptime,level,tags

Environment Variables:
PATH=C:\ProgramData\Oracle\Java\javapath;C:\Python\Python382\Scripts\;C:\Python\Python382\;C:\windows\system32;C:\windows;C:\windows\System32\Wbem;C:\windows\System32\WindowsPowerShell\v1.0\;C:\windows\System32\OpenSSH\;C:\Program Files\Intel\TXE Components\DAL\;C:\Program Files (x86)\Intel\TXE Components\DAL\;C:\Program Files\Intel\TXE Components\IPT\;C:\Program Files (x86)\Intel\TXE Components\IPT\;C:\Program Files\Git\cmd;C:\Users\Avinash Jha\AppData\Local\Programs\Python\Python39\Scripts\;C:\Users\Avinash Jha\AppData\Local\Programs\Python\Python39\;C:\Users\Avinash Jha\Downloads\flutter_windows_2.0.5-stable (1)\flutter\bin
USERNAME=Avinash Jha
OS=Windows_NT
PROCESSOR_IDENTIFIER=Intel64 Family 6 Model 122 Stepping 1, GenuineIntel



---------------  S Y S T E M  ---------------

OS: Windows 10 , 64 bit Build 18362 (10.0.18362.1500)
OS uptime: 1 days 9:23 hours

CPU:total 2 (initial active 2) (2 cores per cpu, 1 threads per core) family 6 model 122 stepping 1, cmov, cx8, fxsr, mmx, sse, sse2, sse3, ssse3, sse4.1, sse4.2, popcnt, aes, clmul, erms, 3dnowpref, tsc, tscinvbit, sha

Memory: 4k page, system-wide physical 3832M (315M free)
TotalPageFile size 15608M (AvailPageFile size 3M)
current process WorkingSet (physical memory assigned to process): 291M, peak: 296M
current process commit charge ("private bytes"): 332M, peak: 332M

vm_info: OpenJDK 64-Bit Server VM (11.0.8+10-b944.6842174) for windows-amd64 JRE (11.0.8+10-b944.6842174), built on Sep 19 2020 01:11:42 by "builder" with MS VC++ 14.0 (VS2015)

END.
